\BOOKMARK [0][-]{ChapterRoman.1}{\376\377\000C\000A\000P\000\315\000T\000U\000L\000O\000\040\000I}{}% 1
\BOOKMARK [0][-]{chapter.1}{\376\377\000I\000N\000T\000R\000O\000D\000U\000C\000C\000I\000\323\000N}{}% 2
\BOOKMARK [1][-]{section.1.1}{\376\377\000I\000n\000t\000r\000o\000d\000u\000c\000c\000i\000\363\000n}{chapter.1}% 3
\BOOKMARK [1][-]{section.1.2}{\376\377\000P\000l\000a\000n\000t\000e\000a\000m\000i\000e\000n\000t\000o\000\040\000d\000e\000l\000\040\000p\000r\000o\000b\000l\000e\000m\000a}{chapter.1}% 4
\BOOKMARK [2][-]{subsection.1.2.1}{\376\377\000D\000e\000s\000c\000r\000i\000p\000c\000i\000\363\000n\000\040\000d\000e\000\040\000l\000a\000\040\000p\000r\000o\000b\000l\000e\000m\000\341\000t\000i\000c\000a}{section.1.2}% 5
\BOOKMARK [2][-]{subsection.1.2.2}{\376\377\000F\000o\000r\000m\000u\000l\000a\000c\000i\000\363\000n\000\040\000d\000e\000l\000\040\000p\000r\000o\000b\000l\000e\000m\000a}{section.1.2}% 6
\BOOKMARK [3][-]{subsubsection.1.2.2.1}{\376\377\000P\000r\000e\000g\000u\000n\000t\000a\000\040\000g\000e\000n\000e\000r\000a\000l}{subsection.1.2.2}% 7
\BOOKMARK [3][-]{subsubsection.1.2.2.2}{\376\377\000P\000r\000e\000g\000u\000n\000t\000a\000s\000\040\000e\000s\000p\000e\000c\000\355\000f\000i\000c\000a\000s}{subsection.1.2.2}% 8
\BOOKMARK [1][-]{section.1.3}{\376\377\000O\000b\000j\000e\000t\000i\000v\000o\000s\000\040\000d\000e\000\040\000l\000a\000\040\000i\000n\000v\000e\000s\000t\000i\000g\000a\000c\000i\000\363\000n}{chapter.1}% 9
\BOOKMARK [2][-]{subsection.1.3.1}{\376\377\000O\000b\000j\000e\000t\000i\000v\000o\000\040\000g\000e\000n\000e\000r\000a\000l}{section.1.3}% 10
\BOOKMARK [2][-]{subsection.1.3.2}{\376\377\000O\000b\000j\000e\000t\000i\000v\000o\000s\000\040\000e\000s\000p\000e\000c\000\355\000f\000i\000c\000o\000s}{section.1.3}% 11
\BOOKMARK [1][-]{section.1.4}{\376\377\000I\000m\000p\000o\000r\000t\000a\000n\000c\000i\000a\000\040\000y\000\040\000a\000l\000c\000a\000n\000c\000e\000\040\000d\000e\000\040\000l\000a\000\040\000i\000n\000v\000e\000s\000t\000i\000g\000a\000c\000i\000\363\000n}{chapter.1}% 12
\BOOKMARK [0][-]{ChapterRoman.2}{\376\377\000C\000A\000P\000\315\000T\000U\000L\000O\000\040\000I\000I}{}% 13
\BOOKMARK [0][-]{chapter.2}{\376\377\000M\000A\000R\000C\000O\000\040\000T\000E\000\323\000R\000I\000C\000O}{}% 14
\BOOKMARK [1][-]{section.2.1}{\376\377\000A\000n\000t\000e\000c\000e\000d\000e\000n\000t\000e\000s\000\040\000d\000e\000\040\000l\000a\000\040\000i\000n\000v\000e\000s\000t\000i\000g\000a\000c\000i\000\363\000n}{chapter.2}% 15
\BOOKMARK [1][-]{section.2.2}{\376\377\000B\000a\000s\000e\000s\000\040\000t\000e\000\363\000r\000i\000c\000a\000s}{chapter.2}% 16
\BOOKMARK [2][-]{subsection.2.2.1}{\376\377\000A\000r\000m\000o\000n\000i\000z\000a\000c\000i\000\363\000n\000\040\000d\000e\000\040\000i\000m\000\341\000g\000e\000n\000e\000s\000\040\000s\000a\000t\000e\000l\000i\000t\000a\000l\000e\000s}{section.2.2}% 17
\BOOKMARK [3][-]{subsubsection.2.2.1.1}{\376\377\000L\000a\000n\000d\000s\000a\000t\000:\000\040\000s\000a\000t\000\351\000l\000i\000t\000e\000s\000\040\000d\000e\000\040\000o\000b\000s\000e\000r\000v\000a\000c\000i\000\363\000n\000\040\000t\000e\000r\000r\000e\000s\000t\000r\000e}{subsection.2.2.1}% 18
\BOOKMARK [3][-]{subsubsection.2.2.1.2}{\376\377\000L\000a\000n\000d\000s\000a\000t\000\040\000M\000S\000S}{subsection.2.2.1}% 19
\BOOKMARK [3][-]{subsubsection.2.2.1.3}{\376\377\000L\000a\000n\000d\000s\000a\000t\000\040\000T\000M}{subsection.2.2.1}% 20
\BOOKMARK [3][-]{subsubsection.2.2.1.4}{\376\377\000A\000r\000m\000o\000n\000i\000z\000a\000c\000i\000\363\000n\000\040\000d\000e\000\040\000i\000m\000\341\000g\000e\000n\000e\000s\000\040\000e\000n\000\040\000T\000e\000l\000e\000d\000e\000t\000e\000c\000c\000i\000\363\000n}{subsection.2.2.1}% 21
\BOOKMARK [3][-]{subsubsection.2.2.1.5}{\376\377\000A\000r\000m\000o\000n\000i\000z\000a\000c\000i\000\363\000n\000\040\000g\000e\000o\000m\000\351\000t\000r\000i\000c\000a\000\040\000d\000e\000\040\000d\000a\000t\000o\000s\000\040\000d\000e\000\040\000T\000e\000l\000e\000d\000e\000t\000e\000c\000c\000i\000\363\000n}{subsection.2.2.1}% 22
\BOOKMARK [3][-]{subsubsection.2.2.1.6}{\376\377\000A\000r\000m\000o\000n\000i\000z\000a\000c\000i\000\363\000n\000\040\000e\000s\000p\000e\000c\000t\000r\000a\000l\000\040\000d\000e\000\040\000d\000a\000t\000o\000s\000\040\000d\000e\000\040\000T\000e\000l\000e\000d\000e\000t\000e\000c\000c\000i\000\363\000n}{subsection.2.2.1}% 23
\BOOKMARK [3][-]{subsubsection.2.2.1.7}{\376\377\000N\000o\000r\000m\000a\000l\000i\000z\000a\000c\000i\000\363\000n\000\040\000y\000\040\000a\000j\000u\000s\000t\000e\000\040\000d\000e\000\040\000d\000a\000t\000o\000s\000\040\000c\000o\000n\000\040\000a\000p\000l\000i\000c\000a\000c\000i\000\363\000n\000\040\000d\000e\000\040\000p\000a\000r\000\341\000m\000e\000t\000r\000o\000s\000\040\000B\000R\000D\000F}{subsection.2.2.1}% 24
\BOOKMARK [2][-]{subsection.2.2.2}{\376\377\000I\000n\000t\000e\000l\000i\000g\000e\000n\000c\000i\000a\000\040\000a\000r\000t\000i\000f\000i\000c\000i\000a\000l}{section.2.2}% 25
\BOOKMARK [3][-]{subsubsection.2.2.2.1}{\376\377\000D\000e\000e\000p\000\040\000l\000e\000a\000r\000n\000i\000n\000g\000\040\000e\000n\000\040\000e\000l\000\040\000p\000r\000o\000c\000e\000s\000a\000m\000i\000e\000n\000t\000o\000\040\000d\000e\000\040\000i\000m\000\341\000g\000e\000n\000e\000s\000\040\000d\000e\000\040\000T\000e\000l\000e\000d\000e\000t\000e\000c\000c\000i\000\363\000n}{subsection.2.2.2}% 26
\BOOKMARK [3][-]{subsubsection.2.2.2.2}{\376\377\000R\000e\000d\000e\000s\000\040\000n\000e\000u\000r\000o\000n\000a\000l\000e\000s\000\040\000c\000o\000n\000v\000o\000l\000u\000c\000i\000o\000n\000a\000l\000e\000s\000\040\000\050\000C\000N\000N\000\051}{subsection.2.2.2}% 27
\BOOKMARK [3][-]{subsubsection.2.2.2.3}{\376\377\000T\000i\000p\000o\000s\000\040\000d\000e\000\040\000c\000a\000p\000a\000s\000\040\000e\000n\000\040\000u\000n\000a\000\040\000r\000e\000d\000\040\000n\000e\000u\000r\000o\000n\000a\000l\000\040\000c\000o\000n\000v\000o\000l\000u\000c\000i\000o\000n\000a\000l}{subsection.2.2.2}% 28
\BOOKMARK [1][-]{section.2.3}{\376\377\000D\000e\000f\000i\000n\000i\000c\000i\000\363\000n\000\040\000d\000e\000\040\000t\000\351\000r\000m\000i\000n\000o\000s}{chapter.2}% 29
\BOOKMARK [2][-]{subsection.2.3.1}{\376\377\000A\000r\000m\000o\000n\000i\000z\000a\000c\000i\000\363\000n\000\040\000d\000e\000\040\000d\000a\000t\000o\000s}{section.2.3}% 30
\BOOKMARK [2][-]{subsection.2.3.2}{\376\377\000B\000R\000D\000F\000\040\000\050\000B\000i\000d\000i\000r\000e\000c\000t\000i\000o\000n\000a\000l\000\040\000R\000e\000f\000l\000e\000c\000t\000a\000n\000c\000e\000\040\000D\000i\000s\000t\000r\000i\000b\000u\000t\000i\000o\000n\000\040\000F\000u\000n\000c\000t\000i\000o\000n\000\051}{section.2.3}% 31
\BOOKMARK [2][-]{subsection.2.3.3}{\376\377\000C\000N\000N\000\040\000\050\000R\000e\000d\000e\000s\000\040\000N\000e\000u\000r\000o\000n\000a\000l\000e\000s\000\040\000C\000o\000n\000v\000o\000l\000u\000c\000i\000o\000n\000a\000l\000e\000s\000\051}{section.2.3}% 32
\BOOKMARK [2][-]{subsection.2.3.4}{\376\377\000C\000o\000-\000r\000e\000g\000i\000s\000t\000r\000a\000c\000i\000\363\000n}{section.2.3}% 33
\BOOKMARK [2][-]{subsection.2.3.5}{\376\377\000C\000u\000b\000o\000\040\000d\000e\000\040\000d\000a\000t\000o\000s}{section.2.3}% 34
\BOOKMARK [2][-]{subsection.2.3.6}{\376\377\000D\000e\000e\000p\000\040\000l\000e\000a\000r\000n\000i\000n\000g}{section.2.3}% 35
\BOOKMARK [2][-]{subsection.2.3.7}{\376\377\000E\000n\000t\000o\000r\000n\000o\000s\000\040\000c\000o\000n\000d\000a}{section.2.3}% 36
\BOOKMARK [2][-]{subsection.2.3.8}{\376\377\000E\000S\000R\000C\000N\000N\000\040\000\050\000E\000x\000t\000e\000n\000d\000e\000d\000\040\000S\000u\000p\000e\000r\000-\000R\000e\000s\000o\000l\000u\000t\000i\000o\000n\000\040\000C\000o\000n\000v\000o\000l\000u\000t\000i\000o\000n\000a\000l\000\040\000N\000e\000u\000r\000a\000l\000\040\000N\000e\000t\000w\000o\000r\000k\000\051}{section.2.3}% 37
\BOOKMARK [2][-]{subsection.2.3.9}{\376\377\000G\000A\000N\000\040\000\050\000G\000e\000n\000e\000r\000a\000t\000i\000v\000e\000\040\000A\000d\000v\000e\000r\000s\000a\000r\000i\000a\000l\000\040\000N\000e\000t\000w\000o\000r\000k\000\051}{section.2.3}% 38
\BOOKMARK [2][-]{subsection.2.3.10}{\376\377\000G\000e\000n\000e\000r\000a\000c\000i\000\363\000n\000\040\000d\000e\000\040\000b\000a\000n\000d\000a\000\040\000v\000i\000r\000t\000u\000a\000l}{section.2.3}% 39
\BOOKMARK [2][-]{subsection.2.3.11}{\376\377\000H\000i\000s\000t\000o\000g\000r\000a\000m\000\040\000m\000a\000t\000c\000h\000i\000n\000g}{section.2.3}% 40
\BOOKMARK [2][-]{subsection.2.3.12}{\376\377\000L\000a\000n\000d\000s\000a\000t}{section.2.3}% 41
\BOOKMARK [2][-]{subsection.2.3.13}{\376\377\000M\000S\000S\000\040\000\050\000M\000u\000l\000t\000i\000-\000S\000p\000e\000c\000t\000r\000a\000l\000\040\000S\000c\000a\000n\000n\000e\000r\000\051}{section.2.3}% 42
\BOOKMARK [2][-]{subsection.2.3.14}{\376\377\000N\000D\000V\000I}{section.2.3}% 43
\BOOKMARK [2][-]{subsection.2.3.15}{\376\377\000S\000e\000g\000m\000e\000n\000t\000a\000c\000i\000\363\000n\000\040\000d\000e\000\040\000i\000m\000\341\000g\000e\000n\000e\000s}{section.2.3}% 44
\BOOKMARK [2][-]{subsection.2.3.16}{\376\377\000S\000u\000p\000e\000r\000-\000r\000e\000s\000o\000l\000u\000c\000i\000\363\000n}{section.2.3}% 45
\BOOKMARK [2][-]{subsection.2.3.17}{\376\377\000T\000M\000\040\000\050\000T\000h\000e\000m\000a\000t\000i\000c\000\040\000M\000a\000p\000p\000e\000r\000\051}{section.2.3}% 46
\BOOKMARK [2][-]{subsection.2.3.18}{\376\377\000T\000r\000a\000n\000s\000f\000o\000r\000m\000a\000d\000a\000s\000\040\000d\000e\000\040\000F\000o\000u\000r\000i\000e\000r}{section.2.3}% 47
\BOOKMARK [0][-]{ChapterRoman.3}{\376\377\000C\000A\000P\000\315\000T\000U\000L\000O\000\040\000I\000I\000I}{}% 48
\BOOKMARK [0][-]{chapter.3}{\376\377\000H\000I\000P\000\323\000T\000E\000S\000I\000S\000\040\000Y\000\040\000V\000A\000R\000I\000A\000B\000L\000E\000S}{}% 49
\BOOKMARK [1][-]{section.3.1}{\376\377\000L\000a\000s\000\040\000h\000i\000p\000\363\000t\000e\000s\000i\000s}{chapter.3}% 50
\BOOKMARK [2][-]{subsection.3.1.1}{\376\377\000H\000i\000p\000\363\000t\000e\000s\000i\000s\000\040\000g\000e\000n\000e\000r\000a\000l}{section.3.1}% 51
\BOOKMARK [2][-]{subsection.3.1.2}{\376\377\000H\000i\000p\000\363\000t\000e\000s\000i\000s\000\040\000e\000s\000p\000e\000c\000\355\000f\000i\000c\000a\000s}{section.3.1}% 52
\BOOKMARK [1][-]{section.3.2}{\376\377\000L\000a\000s\000\040\000v\000a\000r\000i\000a\000b\000l\000e\000s}{chapter.3}% 53
\BOOKMARK [2][-]{subsection.3.2.1}{\376\377\000V\000a\000r\000i\000a\000b\000l\000e\000\040\000i\000n\000d\000e\000p\000e\000n\000d\000i\000e\000n\000t\000e}{section.3.2}% 54
\BOOKMARK [2][-]{subsection.3.2.2}{\376\377\000V\000a\000r\000i\000a\000b\000l\000e\000\040\000d\000e\000p\000e\000n\000d\000i\000e\000n\000t\000e}{section.3.2}% 55
\BOOKMARK [1][-]{section.3.3}{\376\377\000O\000p\000e\000r\000a\000c\000i\000o\000n\000a\000l\000i\000z\000a\000c\000i\000\363\000n\000\040\000d\000e\000\040\000v\000a\000r\000i\000a\000b\000l\000e\000s}{chapter.3}% 56
\BOOKMARK [0][-]{ChapterRoman.4}{\376\377\000C\000A\000P\000\315\000T\000U\000L\000O\000\040\000I\000V}{}% 57
\BOOKMARK [0][-]{chapter.4}{\376\377\000M\000E\000T\000O\000D\000O\000L\000O\000G\000\315\000A}{}% 58
\BOOKMARK [1][-]{section.4.1}{\376\377\000\301\000r\000e\000a\000\040\000d\000e\000\040\000e\000s\000t\000u\000d\000i\000o\000\040\000\050\000u\000n\000i\000d\000a\000d\000\040\000d\000e\000\040\000a\000n\000\341\000l\000i\000s\000i\000s\000\051}{chapter.4}% 59
\BOOKMARK [1][-]{section.4.2}{\376\377\000D\000i\000s\000e\000\361\000o\000\040\000d\000e\000\040\000i\000n\000v\000e\000s\000t\000i\000g\000a\000c\000i\000\363\000n}{chapter.4}% 60
\BOOKMARK [2][-]{subsection.4.2.1}{\376\377\000T\000i\000p\000o}{section.4.2}% 61
\BOOKMARK [2][-]{subsection.4.2.2}{\376\377\000N\000i\000v\000e\000l}{section.4.2}% 62
\BOOKMARK [2][-]{subsection.4.2.3}{\376\377\000E\000n\000f\000o\000q\000u\000e}{section.4.2}% 63
\BOOKMARK [2][-]{subsection.4.2.4}{\376\377\000D\000i\000s\000e\000\361\000o}{section.4.2}% 64
\BOOKMARK [1][-]{section.4.3}{\376\377\000P\000o\000b\000l\000a\000c\000i\000\363\000n\000\040\000y\000\040\000m\000u\000e\000s\000t\000r\000a}{chapter.4}% 65
\BOOKMARK [2][-]{subsection.4.3.1}{\376\377\000P\000o\000b\000l\000a\000c\000i\000\363\000n}{section.4.3}% 66
\BOOKMARK [2][-]{subsection.4.3.2}{\376\377\000M\000u\000e\000s\000t\000r\000a}{section.4.3}% 67
\BOOKMARK [1][-]{section.4.4}{\376\377\000P\000r\000o\000c\000e\000d\000i\000m\000i\000e\000n\000t\000o\000,\000\040\000t\000\351\000c\000n\000i\000c\000a\000s\000\040\000e\000\040\000i\000n\000s\000t\000r\000u\000m\000e\000n\000t\000o\000s\000\040\000d\000e\000\040\000r\000e\000c\000o\000l\000e\000c\000c\000i\000\363\000n\000\040\000d\000e\000\040\000i\000n\000f\000o\000r\000m\000a\000c\000i\000\363\000n}{chapter.4}% 68
\BOOKMARK [2][-]{subsection.4.4.1}{\376\377\000O\000b\000t\000e\000n\000c\000i\000\363\000n\000\040\000d\000e\000\040\000d\000a\000t\000o\000s\000\040\000d\000e\000\040\000e\000n\000t\000r\000a\000d\000a}{section.4.4}% 69
\BOOKMARK [3][-]{subsubsection.4.4.1.1}{\376\377\000S\000e\000l\000e\000c\000c\000i\000\363\000n\000\040\000p\000o\000r\000\040\000l\000o\000c\000a\000l\000i\000z\000a\000c\000i\000\363\000n}{subsection.4.4.1}% 70
\BOOKMARK [3][-]{subsubsection.4.4.1.2}{\376\377\000S\000e\000l\000e\000c\000c\000i\000\363\000n\000\040\000p\000o\000r\000\040\000t\000i\000e\000m\000p\000o\000\040\000y\000\040\000c\000a\000l\000i\000d\000a\000d}{subsection.4.4.1}% 71
\BOOKMARK [2][-]{subsection.4.4.2}{\376\377\000C\000o\000r\000r\000e\000c\000c\000i\000\363\000n\000\040\000g\000e\000o\000m\000\351\000t\000r\000i\000c\000a\000\040\000d\000e\000\040\000l\000a\000s\000\040\000i\000m\000\341\000g\000e\000n\000e\000s\000\040\000M\000S\000S}{section.4.4}% 72
\BOOKMARK [3][-]{subsubsection.4.4.2.1}{\376\377\000L\000e\000c\000t\000u\000r\000a\000\040\000y\000\040\000p\000r\000e\000p\000r\000o\000c\000e\000s\000a\000m\000i\000e\000n\000t\000o\000\040\000d\000e\000\040\000i\000m\000\341\000g\000e\000n\000e\000s}{subsection.4.4.2}% 73
\BOOKMARK [3][-]{subsubsection.4.4.2.2}{\376\377\000E\000x\000t\000r\000a\000c\000c\000i\000\363\000n\000\040\000y\000\040\000c\000o\000i\000n\000c\000i\000d\000e\000n\000c\000i\000a\000\040\000d\000e\000\040\000c\000a\000r\000a\000c\000t\000e\000r\000\355\000s\000t\000i\000c\000a\000s}{subsection.4.4.2}% 74
\BOOKMARK [3][-]{subsubsection.4.4.2.3}{\376\377\000E\000l\000i\000m\000i\000n\000a\000c\000\363\000n\000\040\000d\000e\000\040\000e\000r\000r\000o\000r\000e\000s\000\040\000c\000a\000l\000i\000d\000a\000d\000\040\000y\000\040\000l\000a\000\040\000u\000s\000a\000b\000i\000l\000i\000d\000a\000d\000\040\000d\000e\000\040\000l\000a\000s\000\040\000M\000S\000S}{subsection.4.4.2}% 75
\BOOKMARK [3][-]{subsubsection.4.4.2.4}{\376\377\000D\000e\000t\000e\000r\000m\000i\000n\000a\000c\000i\000\363\000n\000\040\000d\000e\000l\000\040\000d\000e\000s\000p\000l\000a\000z\000a\000m\000i\000e\000n\000t\000o\000\040\000e\000s\000p\000a\000c\000i\000a\000l}{subsection.4.4.2}% 76
\BOOKMARK [3][-]{subsubsection.4.4.2.5}{\376\377\000R\000e\000f\000i\000n\000a\000m\000i\000e\000n\000t\000o\000\040\000s\000u\000b\000p\000\355\000x\000e\000l\000\040\000y\000\040\000c\000o\000n\000v\000o\000l\000u\000c\000i\000\363\000n\000\040\000e\000n\000\040\0002\000D}{subsection.4.4.2}% 77
\BOOKMARK [3][-]{subsubsection.4.4.2.6}{\376\377\000F\000i\000l\000t\000r\000o\000\040\000f\000i\000n\000a\000l\000\040\000d\000e\000\040\000l\000o\000s\000\040\000p\000a\000r\000e\000s\000\040\000d\000e\000\040\000i\000m\000\341\000g\000e\000n\000e\000s}{subsection.4.4.2}% 78
\BOOKMARK [2][-]{subsection.4.4.3}{\376\377\000P\000r\000e\000p\000a\000r\000a\000c\000i\000\363\000n\000\040\000y\000\040\000o\000r\000g\000a\000n\000i\000z\000a\000c\000i\000\363\000n\000\040\000d\000e\000\040\000d\000a\000t\000o\000s\000\040\000p\000a\000r\000a\000\040\000d\000e\000e\000p\000\040\000l\000e\000a\000r\000n\000i\000n\000g}{section.4.4}% 79
\BOOKMARK [3][-]{subsubsection.4.4.3.1}{\376\377\000C\000o\000n\000v\000e\000r\000s\000i\000\363\000n\000\040\000d\000e\000\040\000f\000o\000r\000m\000a\000t\000o\000\040\000d\000e\000\040\000d\000a\000t\000o\000s}{subsection.4.4.3}% 80
\BOOKMARK [3][-]{subsubsection.4.4.3.2}{\376\377\000E\000s\000t\000a\000n\000d\000a\000r\000i\000z\000a\000c\000i\000\363\000n\000\040\000y\000\040\000h\000o\000m\000o\000g\000e\000n\000e\000i\000z\000a\000c\000i\000\363\000n}{subsection.4.4.3}% 81
\BOOKMARK [3][-]{subsubsection.4.4.3.3}{\376\377\000I\000n\000t\000e\000g\000r\000a\000c\000i\000\363\000n\000\040\000c\000o\000n\000\040\000H\000u\000g\000g\000i\000n\000g\000\040\000F\000a\000c\000e}{subsection.4.4.3}% 82
\BOOKMARK [3][-]{subsubsection.4.4.3.4}{\376\377\000S\000e\000g\000m\000e\000n\000t\000a\000c\000i\000\363\000n\000\040\000y\000\040\000d\000i\000s\000t\000r\000i\000b\000u\000c\000i\000\363\000n\000\040\000d\000e\000\040\000d\000a\000t\000o\000s}{subsection.4.4.3}% 83
\BOOKMARK [3][-]{subsubsection.4.4.3.5}{\376\377\000P\000r\000o\000c\000e\000s\000a\000m\000i\000e\000n\000t\000o\000\040\000y\000\040\000a\000l\000i\000n\000e\000a\000c\000i\000\363\000n\000\040\000d\000e\000\040\000i\000m\000\341\000g\000e\000n\000e\000s}{subsection.4.4.3}% 84
\BOOKMARK [3][-]{subsubsection.4.4.3.6}{\376\377\000N\000o\000r\000m\000a\000l\000i\000z\000a\000c\000i\000\363\000n\000\040\000y\000\040\000p\000r\000e\000p\000a\000r\000a\000c\000i\000\363\000n\000\040\000d\000e\000\040\000d\000a\000t\000o\000s}{subsection.4.4.3}% 85
\BOOKMARK [3][-]{subsubsection.4.4.3.7}{\376\377\000O\000p\000t\000i\000m\000i\000z\000a\000c\000i\000\363\000n\000\040\000y\000\040\000m\000a\000n\000e\000j\000o\000\040\000e\000f\000i\000c\000i\000e\000n\000t\000e\000\040\000d\000e\000\040\000d\000a\000t\000o\000s}{subsection.4.4.3}% 86
\BOOKMARK [2][-]{subsection.4.4.4}{\376\377\000D\000e\000s\000a\000r\000r\000o\000l\000l\000o\000\040\000d\000e\000l\000\040\000m\000o\000d\000e\000l\000o\000\040\000M\000S\000S\0002\000T\000M}{section.4.4}% 87
\BOOKMARK [3][-]{subsubsection.4.4.4.1}{\376\377\000C\000o\000n\000f\000i\000g\000u\000r\000a\000c\000i\000\363\000n\000\040\000d\000e\000l\000\040\000e\000n\000t\000o\000r\000n\000o\000\040\000d\000e\000\040\000t\000r\000a\000b\000a\000j\000o}{subsection.4.4.4}% 88
\BOOKMARK [3][-]{subsubsection.4.4.4.2}{\376\377\000E\000l\000e\000c\000c\000i\000\363\000n\000\040\000d\000e\000\040\000a\000r\000q\000u\000i\000t\000e\000c\000t\000u\000r\000a\000s\000\040\000p\000a\000r\000a\000\040\000e\000l\000\040\000g\000e\000n\000e\000r\000a\000d\000o\000r\000\040\000y\000\040\000d\000i\000s\000c\000r\000i\000m\000i\000n\000a\000d\000o\000r\000\040\000e\000n\000\040\000G\000A\000N\000s}{subsection.4.4.4}% 89
\BOOKMARK [3][-]{subsubsection.4.4.4.3}{\376\377\000D\000e\000f\000i\000n\000i\000c\000i\000\363\000n\000\040\000d\000e\000\040\000p\000a\000r\000\341\000m\000e\000t\000r\000o\000s\000\040\000y\000\040\000f\000u\000n\000c\000i\000o\000n\000e\000s\000\040\000d\000e\000\040\000p\000\351\000r\000d\000i\000d\000a}{subsection.4.4.4}% 90
\BOOKMARK [3][-]{subsubsection.4.4.4.4}{\376\377\000P\000r\000o\000c\000e\000s\000o\000\040\000d\000e\000\040\000e\000n\000t\000r\000e\000n\000a\000m\000i\000e\000n\000t\000o}{subsection.4.4.4}% 91
\BOOKMARK [3][-]{subsubsection.4.4.4.5}{\376\377\000A\000j\000u\000s\000t\000e\000\040\000y\000\040\000o\000p\000t\000i\000m\000i\000z\000a\000c\000i\000\363\000n}{subsection.4.4.4}% 92
\BOOKMARK [3][-]{subsubsection.4.4.4.6}{\376\377\000C\000o\000n\000f\000i\000g\000u\000r\000a\000c\000i\000\363\000n\000\040\000d\000e\000\040\000l\000a\000s\000\040\000f\000u\000n\000c\000i\000o\000n\000e\000s\000\040\000d\000e\000\040\000p\000\351\000r\000d\000i\000d\000a}{subsection.4.4.4}% 93
\BOOKMARK [2][-]{subsection.4.4.5}{\376\377\000G\000e\000n\000e\000r\000a\000c\000i\000\363\000n\000\040\000d\000e\000\040\000b\000a\000n\000d\000a\000s\000\040\000v\000i\000r\000t\000u\000a\000l\000e\000s\000\040\000e\000n\000\040\000i\000m\000\341\000g\000e\000n\000e\000s\000\040\000M\000S\000S}{section.4.4}% 94
\BOOKMARK [3][-]{subsubsection.4.4.5.1}{\376\377\000A\000d\000q\000u\000i\000s\000i\000c\000i\000\363\000n\000\040\000y\000\040\000p\000r\000o\000c\000e\000s\000a\000m\000i\000e\000n\000t\000o\000\040\000i\000n\000i\000c\000i\000a\000l\000\040\000d\000e\000\040\000d\000a\000t\000o\000s}{subsection.4.4.5}% 95
\BOOKMARK [3][-]{subsubsection.4.4.5.2}{\376\377\000E\000n\000t\000r\000e\000n\000a\000m\000i\000e\000n\000t\000o\000\040\000d\000e\000l\000\040\000p\000e\000r\000c\000e\000p\000t\000r\000\363\000n\000\040\000m\000u\000l\000t\000i\000c\000a\000p\000a\000\040\000\050\000M\000L\000P\000\051}{subsection.4.4.5}% 96
\BOOKMARK [3][-]{subsubsection.4.4.5.3}{\376\377\000P\000r\000o\000c\000e\000s\000o\000\040\000d\000e\000\040\000e\000n\000t\000r\000e\000n\000a\000m\000i\000e\000n\000t\000o\000\040\000y\000\040\000a\000j\000u\000s\000t\000e\000\040\000f\000i\000n\000o}{subsection.4.4.5}% 97
\BOOKMARK [1][-]{section.4.5}{\376\377\000A\000n\000\341\000l\000i\000s\000i\000s\000\040\000e\000s\000t\000a\000d\000\355\000s\000t\000i\000c\000o}{chapter.4}% 98
\BOOKMARK [2][-]{subsection.4.5.1}{\376\377\000V\000a\000l\000i\000d\000a\000c\000i\000\363\000n\000\040\000c\000u\000a\000n\000t\000i\000t\000a\000t\000i\000v\000a}{section.4.5}% 99
\BOOKMARK [3][-]{subsubsection.4.5.1.1}{\376\377\000E\000r\000r\000o\000r\000\040\000A\000b\000s\000o\000l\000u\000t\000o\000\040\000M\000e\000d\000i\000o\000\040\000\050\000M\000A\000E\000\051}{subsection.4.5.1}% 100
\BOOKMARK [3][-]{subsubsection.4.5.1.2}{\376\377\000R\000a\000\355\000z\000\040\000d\000e\000l\000\040\000E\000r\000r\000o\000r\000\040\000C\000u\000a\000d\000r\000\341\000t\000i\000c\000o\000\040\000M\000e\000d\000i\000o\000\040\000\050\000R\000M\000S\000E\000\051}{subsection.4.5.1}% 101
\BOOKMARK [3][-]{subsubsection.4.5.1.3}{\376\377\000C\000o\000e\000f\000i\000c\000i\000e\000n\000t\000e\000\040\000d\000e\000\040\000C\000o\000r\000r\000e\000l\000a\000c\000i\000\363\000n\000\040\000d\000e\000\040\000P\000e\000a\000r\000s\000o\000n\000\040\000\050\000R\000\051}{subsection.4.5.1}% 102
\BOOKMARK [2][-]{subsection.4.5.2}{\376\377\000E\000v\000a\000l\000u\000a\000c\000i\000\363\000n\000\040\000d\000e\000\040\000m\000\351\000t\000r\000i\000c\000a\000s\000\040\000d\000e\000\040\000r\000e\000n\000d\000i\000m\000i\000e\000n\000t\000o}{section.4.5}% 103
\BOOKMARK [3][-]{subsubsection.4.5.2.1}{\376\377\000C\000L\000I\000P\000\040\000L\000o\000s\000s}{subsection.4.5.2}% 104
\BOOKMARK [3][-]{subsubsection.4.5.2.2}{\376\377\000L\0001\000\040\000L\000o\000s\000s}{subsection.4.5.2}% 105
\BOOKMARK [3][-]{subsubsection.4.5.2.3}{\376\377\000L\000P\000I\000P\000S\000\040\000\050\000L\000e\000a\000r\000n\000e\000d\000\040\000P\000e\000r\000c\000e\000p\000t\000u\000a\000l\000\040\000I\000m\000a\000g\000e\000\040\000P\000a\000t\000c\000h\000\040\000S\000i\000m\000i\000l\000a\000r\000i\000t\000y\000\051\000\040\000L\000o\000s\000s}{subsection.4.5.2}% 106
\BOOKMARK [0][-]{ChapterRoman.5}{\376\377\000C\000A\000P\000\315\000T\000U\000L\000O\000\040\000V}{}% 107
\BOOKMARK [0][-]{chapter.5}{\376\377\000R\000E\000S\000U\000L\000T\000A\000D\000O\000S}{}% 108
\BOOKMARK [1][-]{section.5.1}{\376\377\000E\000v\000a\000l\000u\000a\000c\000i\000\363\000n\000\040\000d\000e\000\040\000l\000a\000\040\000a\000r\000m\000o\000n\000i\000z\000a\000c\000i\000\363\000n\000\040\000d\000e\000\040\000i\000m\000\341\000g\000e\000n\000e\000s\000\040\000M\000S\000S\000\040\000y\000\040\000T\000M}{chapter.5}% 109
\BOOKMARK [2][-]{subsection.5.1.1}{\376\377\000C\000o\000r\000r\000e\000c\000c\000i\000\363\000n\000\040\000g\000e\000o\000m\000\351\000t\000r\000i\000c\000a\000\040\000y\000\040\000a\000l\000i\000n\000e\000a\000c\000i\000\363\000n\000\040\000e\000s\000p\000a\000c\000i\000a\000l}{section.5.1}% 110
\BOOKMARK [2][-]{subsection.5.1.2}{\376\377\000C\000a\000l\000i\000d\000a\000d\000\040\000d\000e\000\040\000l\000a\000\040\000a\000r\000m\000o\000n\000i\000z\000a\000c\000i\000\363\000n\000\040\000e\000s\000p\000e\000c\000t\000r\000a\000l\000\040\000y\000\040\000e\000s\000p\000a\000c\000i\000a\000l}{section.5.1}% 111
\BOOKMARK [2][-]{subsection.5.1.3}{\376\377\000G\000e\000n\000e\000r\000a\000c\000i\000\363\000n\000\040\000d\000e\000\040\000b\000a\000n\000d\000a\000s\000\040\000v\000i\000r\000t\000u\000a\000l\000e\000s}{section.5.1}% 112
\BOOKMARK [2][-]{subsection.5.1.4}{\376\377\000E\000v\000a\000l\000u\000a\000c\000i\000\363\000n\000\040\000d\000e\000\040\000l\000a\000\040\000a\000r\000m\000o\000n\000i\000z\000a\000c\000i\000\363\000n\000\040\000d\000e\000\040\000i\000m\000\341\000g\000e\000n\000e\000s}{section.5.1}% 113
\BOOKMARK [3][-]{subsubsection.5.1.4.1}{\376\377\000\315\000n\000d\000i\000c\000e\000s\000\040\000e\000s\000p\000e\000c\000t\000r\000a\000l\000e\000s}{subsection.5.1.4}% 114
\BOOKMARK [1][-]{section.5.2}{\376\377\000A\000n\000\341\000l\000i\000s\000i\000s\000\040\000e\000s\000t\000a\000d\000\355\000s\000t\000i\000c\000o\000\040\000d\000e\000\040\000l\000o\000s\000\040\000r\000e\000s\000u\000l\000t\000a\000d\000o\000s}{chapter.5}% 115
\BOOKMARK [2][-]{subsection.5.2.1}{\376\377\000C\000o\000n\000t\000e\000x\000t\000o\000\040\000y\000\040\000m\000e\000t\000o\000d\000o\000l\000o\000g\000\355\000a\000\040\000d\000e\000\040\000V\000a\000l\000i\000d\000a\000c\000i\000\363\000n}{section.5.2}% 116
\BOOKMARK [2][-]{subsection.5.2.2}{\376\377\000E\000v\000a\000l\000u\000a\000c\000i\000\363\000n\000\040\000c\000u\000a\000n\000t\000i\000t\000a\000t\000i\000v\000a\000\040\000d\000e\000\040\000l\000a\000\040\000s\000u\000p\000e\000r\000r\000e\000s\000o\000l\000u\000c\000i\000\363\000n}{section.5.2}% 117
\BOOKMARK [3][-]{subsubsection.5.2.2.1}{\376\377\000I\000n\000t\000e\000r\000p\000r\000e\000t\000a\000c\000i\000\363\000n\000\040\000d\000e\000\040\000m\000\351\000t\000r\000i\000c\000a\000s\000:}{subsection.5.2.2}% 118
\BOOKMARK [2][-]{subsection.5.2.3}{\376\377\000A\000n\000\341\000l\000i\000s\000i\000s\000\040\000d\000e\000t\000a\000l\000l\000a\000d\000o\000\040\000p\000o\000r\000\040\000b\000a\000n\000d\000a\000s\000\040\000e\000s\000p\000e\000c\000t\000r\000a\000l\000e\000s}{section.5.2}% 119
\BOOKMARK [2][-]{subsection.5.2.4}{\376\377\000D\000i\000s\000t\000r\000i\000b\000u\000c\000i\000\363\000n\000\040\000d\000e\000\040\000m\000\351\000t\000r\000i\000c\000a\000s\000\040\000y\000\040\000v\000a\000r\000i\000a\000b\000i\000l\000i\000d\000a\000d\000\040\000d\000e\000l\000\040\000m\000o\000d\000e\000l\000o}{section.5.2}% 120
\BOOKMARK [2][-]{subsection.5.2.5}{\376\377\000A\000n\000\341\000l\000i\000s\000i\000s\000\040\000d\000e\000\040\000l\000a\000s\000\040\000b\000a\000n\000d\000a\000s\000\040\000S\000W\000I\000R\000\040\000y\000\040\000t\000\351\000r\000m\000i\000c\000a}{section.5.2}% 121
\BOOKMARK [0][-]{ChapterRoman.6}{\376\377\000C\000A\000P\000\315\000T\000U\000L\000O\000\040\000V\000I}{}% 122
\BOOKMARK [0][-]{chapter.6}{\376\377\000D\000I\000S\000C\000U\000S\000I\000\323\000N}{}% 123
\BOOKMARK [1][-]{section.6.1}{\376\377\000E\000v\000a\000l\000u\000a\000c\000i\000\363\000n\000\040\000c\000o\000m\000p\000a\000r\000a\000t\000i\000v\000a\000\040\000c\000o\000n\000\040\000e\000s\000t\000u\000d\000i\000o\000s\000\040\000p\000r\000e\000v\000i\000o\000s}{chapter.6}% 124
\BOOKMARK [1][-]{section.6.2}{\376\377\000V\000a\000r\000i\000a\000b\000i\000l\000i\000d\000a\000d\000\040\000g\000e\000o\000g\000r\000\341\000f\000i\000c\000a\000\040\000y\000\040\000r\000e\000n\000d\000i\000m\000i\000e\000n\000t\000o\000\040\000d\000e\000l\000\040\000m\000o\000d\000e\000l\000o}{chapter.6}% 125
\BOOKMARK [1][-]{section.6.3}{\376\377\000I\000m\000p\000l\000i\000c\000a\000c\000i\000o\000n\000e\000s\000\040\000p\000r\000\341\000c\000t\000i\000c\000a\000s\000\040\000y\000\040\000l\000i\000m\000i\000t\000a\000c\000i\000o\000n\000e\000s}{chapter.6}% 126
\BOOKMARK [0][-]{chapter.7}{\376\377\000C\000O\000N\000C\000L\000U\000S\000I\000O\000N\000E\000S\000\040\000Y\000\040\000R\000E\000C\000O\000M\000E\000N\000D\000A\000C\000I\000O\000N\000E\000S}{}% 127
\BOOKMARK [1][-]{section.7.1}{\376\377\000C\000o\000n\000c\000l\000u\000s\000i\000o\000n\000e\000s}{chapter.7}% 128
\BOOKMARK [1][-]{section.7.2}{\376\377\000R\000e\000c\000o\000m\000e\000n\000d\000a\000c\000i\000o\000n\000e\000s}{chapter.7}% 129
\BOOKMARK [0][-]{chapter*.92}{\376\377\000R\000E\000F\000E\000R\000E\000N\000C\000I\000A\000S\000\040\000B\000I\000B\000L\000I\000O\000G\000R\000\301\000F\000I\000C\000A\000S}{}% 130
\BOOKMARK [0][-]{section*.93}{\376\377\000A\000N\000E\000X\000O\000S}{}% 131
\BOOKMARK [1][-]{chapter*.94}{\376\377\000O\000p\000e\000r\000a\000c\000i\000o\000n\000a\000l\000i\000z\000a\000c\000i\000\363\000n\000\040\000d\000e\000\040\000v\000a\000r\000i\000a\000b\000l\000e\000s}{section*.93}% 132
\BOOKMARK [1][-]{table.caption.95}{\376\377\000M\000a\000t\000r\000i\000z\000\040\000d\000e\000\040\000c\000o\000n\000s\000i\000s\000t\000e\000n\000c\000i\000a}{section*.93}% 133
